{
  "stats": {
    "suites": 11,
    "tests": 17,
    "passes": 17,
    "pending": 0,
    "failures": 0,
    "start": "2020-07-11T18:46:07.385Z",
    "end": "2020-07-11T18:46:07.597Z",
    "duration": 212,
    "testsRegistered": 17,
    "passPercent": 100,
    "pendingPercent": 0,
    "other": 0,
    "hasOther": false,
    "skipped": 0,
    "hasSkipped": false
  },
  "results": [
    {
      "uuid": "42f530b4-7dd4-4a98-9633-500984e21ee0",
      "title": "",
      "fullFile": "",
      "file": "",
      "beforeHooks": [],
      "afterHooks": [],
      "tests": [],
      "suites": [
        {
          "uuid": "6866d0a0-26b3-4e6b-9ffb-457e0357ffba",
          "title": "Character",
          "fullFile": "/Users/ronaldr/dev/cloudrealms/engine/tests/character.test.js",
          "file": "/tests/character.test.js",
          "beforeHooks": [],
          "afterHooks": [],
          "tests": [],
          "suites": [
            {
              "uuid": "38256617-f97b-41f5-98ae-f8b58cafbbac",
              "title": "#.name",
              "fullFile": "/Users/ronaldr/dev/cloudrealms/engine/tests/character.test.js",
              "file": "/tests/character.test.js",
              "beforeHooks": [],
              "afterHooks": [],
              "tests": [
                {
                  "title": "the character name should be set",
                  "fullTitle": "Character #.name the character name should be set",
                  "timedOut": false,
                  "duration": 1,
                  "state": "passed",
                  "speed": "fast",
                  "pass": true,
                  "fail": false,
                  "pending": false,
                  "context": null,
                  "code": "_chai.assert.equal(player.name, \"Cloud\");",
                  "err": {},
                  "uuid": "03fea513-43d9-4aad-81a0-97ae995dac54",
                  "parentUUID": "38256617-f97b-41f5-98ae-f8b58cafbbac",
                  "isHook": false,
                  "skipped": false
                }
              ],
              "suites": [],
              "passes": [
                "03fea513-43d9-4aad-81a0-97ae995dac54"
              ],
              "failures": [],
              "pending": [],
              "skipped": [],
              "duration": 1,
              "root": false,
              "rootEmpty": false,
              "_timeout": 2000
            },
            {
              "uuid": "a2c017ef-2738-4e18-926c-e43adfd7e3c8",
              "title": "#move",
              "fullFile": "/Users/ronaldr/dev/cloudrealms/engine/tests/character.test.js",
              "file": "/tests/character.test.js",
              "beforeHooks": [],
              "afterHooks": [],
              "tests": [
                {
                  "title": "should move the character in given x and y axis directions",
                  "fullTitle": "Character #move should move the character in given x and y axis directions",
                  "timedOut": false,
                  "duration": 6,
                  "state": "passed",
                  "speed": "fast",
                  "pass": true,
                  "fail": false,
                  "pending": false,
                  "context": null,
                  "code": "var context = _this;\nplayer.on('action.started', function (event) {\n  addContext(context, \"\".concat(event.type, \" event fired, Player is about to move\"));\n});\nplayer.on('action.completed', function (event) {\n  addContext(context, \"\".concat(event.type, \" event fired, Player has moved\"));\n});\nplayer.move(1, 1); // should implement get position\nvar position = player.getPosition();\n_chai.assert.equal(position.x, 1);\n_chai.assert.equal(position.y, 1);",
                  "err": {},
                  "uuid": "cb3c2326-4308-42f3-8ece-a5ed4292c20b",
                  "parentUUID": "a2c017ef-2738-4e18-926c-e43adfd7e3c8",
                  "isHook": false,
                  "skipped": false
                }
              ],
              "suites": [],
              "passes": [
                "cb3c2326-4308-42f3-8ece-a5ed4292c20b"
              ],
              "failures": [],
              "pending": [],
              "skipped": [],
              "duration": 6,
              "root": false,
              "rootEmpty": false,
              "_timeout": 2000
            }
          ],
          "passes": [],
          "failures": [],
          "pending": [],
          "skipped": [],
          "duration": 0,
          "root": false,
          "rootEmpty": false,
          "_timeout": 2000
        },
        {
          "uuid": "ba8a24dc-bea1-4d6d-a040-0ae5ce7afca1",
          "title": "get",
          "fullFile": "/Users/ronaldr/dev/cloudrealms/engine/tests/get.test.js",
          "file": "/tests/get.test.js",
          "beforeHooks": [],
          "afterHooks": [],
          "tests": [
            {
              "title": "should return the value at the path of an array",
              "fullTitle": "get should return the value at the path of an array",
              "timedOut": false,
              "duration": 0,
              "state": "passed",
              "speed": "fast",
              "pass": true,
              "fail": false,
              "pending": false,
              "context": null,
              "code": "var array = ['Apple', 'Orange', 'Melon', 'Lemon', 'Grape'];\n_chai.assert.equal((0, _get[\"default\"])(array, 1), \"Orange\");\n_chai.assert.equal((0, _get[\"default\"])(array, 4), \"Grape\");",
              "err": {},
              "uuid": "35a5ed56-cf2f-41a2-b2b9-9f35809b3f91",
              "parentUUID": "ba8a24dc-bea1-4d6d-a040-0ae5ce7afca1",
              "isHook": false,
              "skipped": false
            },
            {
              "title": "should return the value at the path of an object",
              "fullTitle": "get should return the value at the path of an object",
              "timedOut": false,
              "duration": 0,
              "state": "passed",
              "speed": "fast",
              "pass": true,
              "fail": false,
              "pending": false,
              "context": null,
              "code": "var object = {\n  type: 'Person',\n  name: 'Ron',\n  skills: ['Coding', 'Gaming', 'Business'],\n  friends: [{\n    name: 'Evan'\n  }, {\n    name: 'Shiv'\n  }]\n};\n_chai.assert.equal((0, _get[\"default\"])(object, 'friends.1.name'), \"Shiv\");\n_chai.assert.equal((0, _get[\"default\"])(object, 'name'), \"Ron\");\n_chai.assert.equal((0, _get[\"default\"])(object, 'skills.1'), \"Gaming\");",
              "err": {},
              "uuid": "d966681d-8c39-421b-9e26-8f9dab4e26c2",
              "parentUUID": "ba8a24dc-bea1-4d6d-a040-0ae5ce7afca1",
              "isHook": false,
              "skipped": false
            },
            {
              "title": "should return the value at the path of a function that returns object or array",
              "fullTitle": "get should return the value at the path of a function that returns object or array",
              "timedOut": false,
              "duration": 5,
              "state": "passed",
              "speed": "fast",
              "pass": true,
              "fail": false,
              "pending": false,
              "context": null,
              "code": "var returnsObject = function returnsObject() {\n  return {\n    type: 'Car',\n    name: 'Honda',\n    model: 'Accord',\n    year: '1999'\n  };\n};\nvar returnsArray = function returnsArray() {\n  return ['Hello', ' ', 'World'];\n};\n_chai.assert.equal((0, _get[\"default\"])(returnsObject, 'name'), \"Honda\");\n_chai.assert.equal((0, _get[\"default\"])(returnsArray, '2'), \"World\");",
              "err": {},
              "uuid": "ec652dce-ed81-4f7a-b87d-ddd42cb7456c",
              "parentUUID": "ba8a24dc-bea1-4d6d-a040-0ae5ce7afca1",
              "isHook": false,
              "skipped": false
            }
          ],
          "suites": [],
          "passes": [
            "35a5ed56-cf2f-41a2-b2b9-9f35809b3f91",
            "d966681d-8c39-421b-9e26-8f9dab4e26c2",
            "ec652dce-ed81-4f7a-b87d-ddd42cb7456c"
          ],
          "failures": [],
          "pending": [],
          "skipped": [],
          "duration": 5,
          "root": false,
          "rootEmpty": false,
          "_timeout": 2000
        },
        {
          "uuid": "6a89c5b1-8235-4d94-95ec-99feaa3cac82",
          "title": "RealmObject",
          "fullFile": "/Users/ronaldr/dev/cloudrealms/engine/tests/realmobject.test.js",
          "file": "/tests/realmobject.test.js",
          "beforeHooks": [],
          "afterHooks": [],
          "tests": [],
          "suites": [
            {
              "uuid": "bd5ae4e0-31e6-457c-ae88-ad6a9303b406",
              "title": "#get",
              "fullFile": "/Users/ronaldr/dev/cloudrealms/engine/tests/realmobject.test.js",
              "file": "/tests/realmobject.test.js",
              "beforeHooks": [],
              "afterHooks": [],
              "tests": [
                {
                  "title": "should return the value at the path of an array",
                  "fullTitle": "RealmObject #get should return the value at the path of an array",
                  "timedOut": false,
                  "duration": 0,
                  "state": "passed",
                  "speed": "fast",
                  "pass": true,
                  "fail": false,
                  "pending": false,
                  "context": null,
                  "code": "var realmObject = new _realmObject[\"default\"]({\n  fruits: ['Apple', 'Orange', 'Melon', 'Lemon', 'Grape']\n});\n_chai.assert.equal(realmObject.get('fruits.1'), \"Orange\");\n_chai.assert.equal(realmObject.get('fruits.4'), \"Grape\");",
                  "err": {},
                  "uuid": "5a5c2f53-0cf9-407b-b4ee-0d7daaa66ebe",
                  "parentUUID": "bd5ae4e0-31e6-457c-ae88-ad6a9303b406",
                  "isHook": false,
                  "skipped": false
                },
                {
                  "title": "should return the value at the path of an object",
                  "fullTitle": "RealmObject #get should return the value at the path of an object",
                  "timedOut": false,
                  "duration": 0,
                  "state": "passed",
                  "speed": "fast",
                  "pass": true,
                  "fail": false,
                  "pending": false,
                  "context": null,
                  "code": "var realmObject = new _realmObject[\"default\"]({\n  type: 'Person',\n  name: 'Ron',\n  skills: ['Coding', 'Gaming', 'Business'],\n  friends: [{\n    name: 'Evan'\n  }, {\n    name: 'Shiv'\n  }]\n});\n_chai.assert.equal(realmObject.get('friends.1.name'), \"Shiv\");\n_chai.assert.equal(realmObject.get('name'), \"Ron\");\n_chai.assert.equal(realmObject.get('skills.1'), \"Gaming\");",
                  "err": {},
                  "uuid": "181ed63b-e6a7-4a9a-909b-278374eb0bc8",
                  "parentUUID": "bd5ae4e0-31e6-457c-ae88-ad6a9303b406",
                  "isHook": false,
                  "skipped": false
                },
                {
                  "title": "should return the value at the path of a function that returns object or array",
                  "fullTitle": "RealmObject #get should return the value at the path of a function that returns object or array",
                  "timedOut": false,
                  "duration": 0,
                  "state": "passed",
                  "speed": "fast",
                  "pass": true,
                  "fail": false,
                  "pending": false,
                  "context": null,
                  "code": "var realmObject = new _realmObject[\"default\"]({\n  getCar: function getCar() {\n    return {\n      type: 'Car',\n      name: 'Honda',\n      model: 'Accord',\n      year: '1999'\n    };\n  },\n  getMessage: function getMessage() {\n    return ['Hello', ' ', 'World'];\n  },\n  getDeep: function getDeep() {\n    return [{\n      type: 'building',\n      name: 'Waffle House',\n      has: [{\n        name: 'waffles'\n      }, {\n        name: 'pancakes'\n      }, {\n        name: 'grits',\n        \"with\": [{\n          name: 'cheese'\n        }]\n      }]\n    }];\n  }\n});\n_chai.assert.equal(realmObject.get('getCar.name'), \"Honda\");\n_chai.assert.equal(realmObject.get('getMessage.2'), \"World\");\n_chai.assert.equal(realmObject.get('getDeep.0.has.2.with.0.name'), \"cheese\");",
                  "err": {},
                  "uuid": "7e231732-626b-4365-b3e2-7de664e6ffa4",
                  "parentUUID": "bd5ae4e0-31e6-457c-ae88-ad6a9303b406",
                  "isHook": false,
                  "skipped": false
                }
              ],
              "suites": [],
              "passes": [
                "5a5c2f53-0cf9-407b-b4ee-0d7daaa66ebe",
                "181ed63b-e6a7-4a9a-909b-278374eb0bc8",
                "7e231732-626b-4365-b3e2-7de664e6ffa4"
              ],
              "failures": [],
              "pending": [],
              "skipped": [],
              "duration": 0,
              "root": false,
              "rootEmpty": false,
              "_timeout": 2000
            },
            {
              "uuid": "787dffe2-ba4f-419b-88db-813d44aabdd8",
              "title": "#set",
              "fullFile": "/Users/ronaldr/dev/cloudrealms/engine/tests/realmobject.test.js",
              "file": "/tests/realmobject.test.js",
              "beforeHooks": [],
              "afterHooks": [],
              "tests": [
                {
                  "title": "should set the value at the path of an array, and return the value set",
                  "fullTitle": "RealmObject #set should set the value at the path of an array, and return the value set",
                  "timedOut": false,
                  "duration": 0,
                  "state": "passed",
                  "speed": "fast",
                  "pass": true,
                  "fail": false,
                  "pending": false,
                  "context": null,
                  "code": "var bannana = shop.set('fruits.1', 'Bannana');\n_chai.assert.equal(shop.fruits[1], \"Bannana\");\n_chai.assert.equal(bannana, \"Bannana\");",
                  "err": {},
                  "uuid": "b1bb80b8-0bac-42f9-96c8-2a9ab7730c83",
                  "parentUUID": "787dffe2-ba4f-419b-88db-813d44aabdd8",
                  "isHook": false,
                  "skipped": false
                },
                {
                  "title": "should set the value at the path of an object, and return the value set",
                  "fullTitle": "RealmObject #set should set the value at the path of an object, and return the value set",
                  "timedOut": false,
                  "duration": 0,
                  "state": "passed",
                  "speed": "fast",
                  "pass": true,
                  "fail": false,
                  "pending": false,
                  "context": null,
                  "code": "// change the name of the fruit shop\nvar newShopName = shop.set('name', \"Ron's Fruit Shop\");\n_chai.assert.equal(newShopName, \"Ron's Fruit Shop\");\n_chai.assert.equal(shop.name, \"Ron's Fruit Shop\");",
                  "err": {},
                  "uuid": "a2a963b0-6fbf-40c5-9c09-1cb725e02df4",
                  "parentUUID": "787dffe2-ba4f-419b-88db-813d44aabdd8",
                  "isHook": false,
                  "skipped": false
                },
                {
                  "title": "should set the value at the nested path of an object, and return the value set",
                  "fullTitle": "RealmObject #set should set the value at the nested path of an object, and return the value set",
                  "timedOut": false,
                  "duration": 0,
                  "state": "passed",
                  "speed": "fast",
                  "pass": true,
                  "fail": false,
                  "pending": false,
                  "context": null,
                  "code": "// change the price of the apple\nvar newApplePrice = shop.set('items.0.price', 100);\n_chai.assert.equal(newApplePrice, 100);\n_chai.assert.equal(shop.items[0].price, 100);",
                  "err": {},
                  "uuid": "0bb4a11c-7114-4e4c-a44f-c9badb59660e",
                  "parentUUID": "787dffe2-ba4f-419b-88db-813d44aabdd8",
                  "isHook": false,
                  "skipped": false
                }
              ],
              "suites": [],
              "passes": [
                "b1bb80b8-0bac-42f9-96c8-2a9ab7730c83",
                "a2a963b0-6fbf-40c5-9c09-1cb725e02df4",
                "0bb4a11c-7114-4e4c-a44f-c9badb59660e"
              ],
              "failures": [],
              "pending": [],
              "skipped": [],
              "duration": 0,
              "root": false,
              "rootEmpty": false,
              "_timeout": 2000
            },
            {
              "uuid": "7d0136d3-905a-464c-a5d2-bd66f9b0e1ea",
              "title": "#create",
              "fullFile": "/Users/ronaldr/dev/cloudrealms/engine/tests/realmobject.test.js",
              "file": "/tests/realmobject.test.js",
              "beforeHooks": [],
              "afterHooks": [],
              "tests": [
                {
                  "title": "should create an instance of a RealmObject",
                  "fullTitle": "RealmObject #create should create an instance of a RealmObject",
                  "timedOut": false,
                  "duration": 1,
                  "state": "passed",
                  "speed": "fast",
                  "pass": true,
                  "fail": false,
                  "pending": false,
                  "context": null,
                  "code": "var realmObject = _realmObject[\"default\"].create({\n  name: 'Fruit Shop',\n  items: [{\n    name: 'Apple',\n    price: 240\n  }, {\n    name: 'Orange',\n    price: 300\n  }, {\n    name: 'Melon',\n    price: 500\n  }],\n  fruits: ['Apple', 'Orange', 'Melon', 'Lemon', 'Grape']\n});\n(0, _chai.expect)(realmObject).to.be.an[\"instanceof\"](_realmObject[\"default\"]);",
                  "err": {},
                  "uuid": "cf069aaa-25e8-44a8-9fdc-e8e86d9d10d6",
                  "parentUUID": "7d0136d3-905a-464c-a5d2-bd66f9b0e1ea",
                  "isHook": false,
                  "skipped": false
                }
              ],
              "suites": [],
              "passes": [
                "cf069aaa-25e8-44a8-9fdc-e8e86d9d10d6"
              ],
              "failures": [],
              "pending": [],
              "skipped": [],
              "duration": 1,
              "root": false,
              "rootEmpty": false,
              "_timeout": 2000
            },
            {
              "uuid": "e6661d05-8948-4055-b47d-e66a624aded0",
              "title": "#on",
              "fullFile": "/Users/ronaldr/dev/cloudrealms/engine/tests/realmobject.test.js",
              "file": "/tests/realmobject.test.js",
              "beforeHooks": [],
              "afterHooks": [],
              "tests": [
                {
                  "title": "should be eventful and listen for dispatched events",
                  "fullTitle": "RealmObject #on should be eventful and listen for dispatched events",
                  "timedOut": false,
                  "duration": 0,
                  "state": "passed",
                  "speed": "fast",
                  "pass": true,
                  "fail": false,
                  "pending": false,
                  "context": null,
                  "code": "var realmObject = new _realmObject[\"default\"]({\n  testing: 'Is Fun!'\n});\n(0, _chai.expect)((0, _typeof2[\"default\"])(realmObject.on)).to.equal('function');",
                  "err": {},
                  "uuid": "85123b10-109f-40ac-b25e-6460f86e481c",
                  "parentUUID": "e6661d05-8948-4055-b47d-e66a624aded0",
                  "isHook": false,
                  "skipped": false
                }
              ],
              "suites": [],
              "passes": [
                "85123b10-109f-40ac-b25e-6460f86e481c"
              ],
              "failures": [],
              "pending": [],
              "skipped": [],
              "duration": 0,
              "root": false,
              "rootEmpty": false,
              "_timeout": 2000
            },
            {
              "uuid": "59f60272-bb35-45db-855b-a7acd4893d8f",
              "title": "#dispatchEvent",
              "fullFile": "/Users/ronaldr/dev/cloudrealms/engine/tests/realmobject.test.js",
              "file": "/tests/realmobject.test.js",
              "beforeHooks": [],
              "afterHooks": [],
              "tests": [
                {
                  "title": "should be eventful and be able to dispatch events",
                  "fullTitle": "RealmObject #dispatchEvent should be eventful and be able to dispatch events",
                  "timedOut": false,
                  "duration": 0,
                  "state": "passed",
                  "speed": "fast",
                  "pass": true,
                  "fail": false,
                  "pending": false,
                  "context": null,
                  "code": "var realmObject = new _realmObject[\"default\"]({\n  testing: 'Is Fun!'\n});\n(0, _chai.expect)((0, _typeof2[\"default\"])(realmObject.dispatchEvent)).to.equal('function');",
                  "err": {},
                  "uuid": "ce11a040-d2a8-4142-b9bc-125c2bcf73b2",
                  "parentUUID": "59f60272-bb35-45db-855b-a7acd4893d8f",
                  "isHook": false,
                  "skipped": false
                }
              ],
              "suites": [],
              "passes": [
                "ce11a040-d2a8-4142-b9bc-125c2bcf73b2"
              ],
              "failures": [],
              "pending": [],
              "skipped": [],
              "duration": 0,
              "root": false,
              "rootEmpty": false,
              "_timeout": 2000
            }
          ],
          "passes": [],
          "failures": [],
          "pending": [],
          "skipped": [],
          "duration": 0,
          "root": false,
          "rootEmpty": false,
          "_timeout": 2000
        },
        {
          "uuid": "5873a423-96eb-44b4-81f9-b8bb2cb6a367",
          "title": "set",
          "fullFile": "/Users/ronaldr/dev/cloudrealms/engine/tests/set.test.js",
          "file": "/tests/set.test.js",
          "beforeHooks": [],
          "afterHooks": [],
          "tests": [
            {
              "title": "should set the value at the path of an array, and return the value set",
              "fullTitle": "set should set the value at the path of an array, and return the value set",
              "timedOut": false,
              "duration": 0,
              "state": "passed",
              "speed": "fast",
              "pass": true,
              "fail": false,
              "pending": false,
              "context": null,
              "code": "var array = ['Apple', 'Orange', 'Melon', 'Lemon', 'Grape']; // replace orange with bannana\nvar bannana = (0, _set[\"default\"])(array, 1, 'Bannana');\n_chai.assert.equal(array[1], \"Bannana\");\n_chai.assert.equal(bannana, \"Bannana\");",
              "err": {},
              "uuid": "6c48324d-f8c7-459a-93d2-9fbdbf35871f",
              "parentUUID": "5873a423-96eb-44b4-81f9-b8bb2cb6a367",
              "isHook": false,
              "skipped": false
            },
            {
              "title": "should set the value at the path of an object, and return the value set",
              "fullTitle": "set should set the value at the path of an object, and return the value set",
              "timedOut": false,
              "duration": 0,
              "state": "passed",
              "speed": "fast",
              "pass": true,
              "fail": false,
              "pending": false,
              "context": null,
              "code": "var shop = {\n  name: 'Fruit Shop',\n  items: ['Apple', 'Orange', 'Melon', 'Lemon', 'Grape']\n}; // change the name of the fruit shop\nvar newShopName = (0, _set[\"default\"])(shop, 'name', \"Ron's Fruit Shop\");\n_chai.assert.equal(newShopName, \"Ron's Fruit Shop\");\n_chai.assert.equal(shop.name, \"Ron's Fruit Shop\");",
              "err": {},
              "uuid": "c6f7f9a9-8eb5-4892-87cc-28dd31fb1175",
              "parentUUID": "5873a423-96eb-44b4-81f9-b8bb2cb6a367",
              "isHook": false,
              "skipped": false
            },
            {
              "title": "should set the value at the nested path of an object, and return the value set",
              "fullTitle": "set should set the value at the nested path of an object, and return the value set",
              "timedOut": false,
              "duration": 0,
              "state": "passed",
              "speed": "fast",
              "pass": true,
              "fail": false,
              "pending": false,
              "context": null,
              "code": "var shop = {\n  name: 'Fruit Shop',\n  items: [{\n    name: 'Apple',\n    price: 240\n  }, {\n    name: 'Orange',\n    price: 300\n  }, {\n    name: 'Melon',\n    price: 500\n  }]\n}; // change the price of the apple\nvar newApplePrice = (0, _set[\"default\"])(shop, 'items.0.price', 100);\n_chai.assert.equal(newApplePrice, 100);\n_chai.assert.equal(shop.items[0].price, 100);",
              "err": {},
              "uuid": "736a0089-032d-4c5b-92fd-e5ab00b024cd",
              "parentUUID": "5873a423-96eb-44b4-81f9-b8bb2cb6a367",
              "isHook": false,
              "skipped": false
            }
          ],
          "suites": [],
          "passes": [
            "6c48324d-f8c7-459a-93d2-9fbdbf35871f",
            "c6f7f9a9-8eb5-4892-87cc-28dd31fb1175",
            "736a0089-032d-4c5b-92fd-e5ab00b024cd"
          ],
          "failures": [],
          "pending": [],
          "skipped": [],
          "duration": 0,
          "root": false,
          "rootEmpty": false,
          "_timeout": 2000
        }
      ],
      "passes": [],
      "failures": [],
      "pending": [],
      "skipped": [],
      "duration": 0,
      "root": true,
      "rootEmpty": true,
      "_timeout": 2000
    }
  ],
  "meta": {
    "mocha": {
      "version": "8.0.1"
    },
    "mochawesome": {
      "options": {
        "quiet": false,
        "reportFilename": "mochawesome",
        "saveHtml": true,
        "saveJson": true,
        "consoleReporter": "spec",
        "useInlineDiffs": false,
        "code": true
      },
      "version": "6.1.1"
    },
    "marge": {
      "options": null,
      "version": "5.1.0"
    }
  }
}